11-Nov-2023 13:35:35.287 INFO [main] org.apache.catalina.startup.VersionLoggerListener.log Server version name:   Apache Tomcat/10.1.15
11-Nov-2023 13:35:35.295 INFO [main] org.apache.catalina.startup.VersionLoggerListener.log Server built:          Oct 11 2023 23:38:40 UTC
11-Nov-2023 13:35:35.296 INFO [main] org.apache.catalina.startup.VersionLoggerListener.log Server version number: 10.1.15.0
11-Nov-2023 13:35:35.296 INFO [main] org.apache.catalina.startup.VersionLoggerListener.log OS Name:               Windows 10
11-Nov-2023 13:35:35.296 INFO [main] org.apache.catalina.startup.VersionLoggerListener.log OS Version:            10.0
11-Nov-2023 13:35:35.297 INFO [main] org.apache.catalina.startup.VersionLoggerListener.log Architecture:          amd64
11-Nov-2023 13:35:35.297 INFO [main] org.apache.catalina.startup.VersionLoggerListener.log Java Home:             C:\Users\Admin\Desktop\jdk-21_windows-x64_bin
11-Nov-2023 13:35:35.298 INFO [main] org.apache.catalina.startup.VersionLoggerListener.log JVM Version:           21+35-LTS-2513
11-Nov-2023 13:35:35.298 INFO [main] org.apache.catalina.startup.VersionLoggerListener.log JVM Vendor:            Oracle Corporation
11-Nov-2023 13:35:35.298 INFO [main] org.apache.catalina.startup.VersionLoggerListener.log CATALINA_BASE:         C:\Users\Admin\Desktop\ECommerce\webapps
11-Nov-2023 13:35:35.299 INFO [main] org.apache.catalina.startup.VersionLoggerListener.log CATALINA_HOME:         C:\Users\Admin\Desktop\apache-tomcat-10.1.15
11-Nov-2023 13:35:35.313 INFO [main] org.apache.catalina.startup.VersionLoggerListener.log Command line argument: --add-opens=java.base/java.lang=ALL-UNNAMED
11-Nov-2023 13:35:35.313 INFO [main] org.apache.catalina.startup.VersionLoggerListener.log Command line argument: --add-opens=java.base/java.io=ALL-UNNAMED
11-Nov-2023 13:35:35.314 INFO [main] org.apache.catalina.startup.VersionLoggerListener.log Command line argument: --add-opens=java.base/java.util=ALL-UNNAMED
11-Nov-2023 13:35:35.314 INFO [main] org.apache.catalina.startup.VersionLoggerListener.log Command line argument: --add-opens=java.base/java.util.concurrent=ALL-UNNAMED
11-Nov-2023 13:35:35.314 INFO [main] org.apache.catalina.startup.VersionLoggerListener.log Command line argument: --add-opens=java.rmi/sun.rmi.transport=ALL-UNNAMED
11-Nov-2023 13:35:35.314 INFO [main] org.apache.catalina.startup.VersionLoggerListener.log Command line argument: -Dcatalina.home=C:\Users\Admin\Desktop\apache-tomcat-10.1.15
11-Nov-2023 13:35:35.314 INFO [main] org.apache.catalina.startup.VersionLoggerListener.log Command line argument: -Dcatalina.base=C:\Users\Admin\Desktop\ECommerce\webapps
11-Nov-2023 13:35:35.315 INFO [main] org.apache.catalina.startup.VersionLoggerListener.log Command line argument: -Djava.io.tmpdir=C:\Users\Admin\Desktop\ECommerce\webapps\temp
11-Nov-2023 13:35:35.315 INFO [main] org.apache.catalina.startup.VersionLoggerListener.log Command line argument: -Djava.util.logging.config.file=C:\Users\Admin\Desktop\ECommerce\webapps\conf\logging.properties
11-Nov-2023 13:35:35.315 INFO [main] org.apache.catalina.startup.VersionLoggerListener.log Command line argument: -Djava.util.logging.manager=org.apache.juli.ClassLoaderLogManager
11-Nov-2023 13:35:35.315 INFO [main] org.apache.catalina.startup.VersionLoggerListener.log Command line argument: -javaagent:C:\Program Files\JetBrains\IntelliJ IDEA Community Edition 2023.2.2\lib\idea_rt.jar=50431:C:\Program Files\JetBrains\IntelliJ IDEA Community Edition 2023.2.2\bin
11-Nov-2023 13:35:35.315 INFO [main] org.apache.catalina.startup.VersionLoggerListener.log Command line argument: -Dfile.encoding=UTF-8
11-Nov-2023 13:35:35.315 INFO [main] org.apache.catalina.startup.VersionLoggerListener.log Command line argument: -Dsun.stdout.encoding=UTF-8
11-Nov-2023 13:35:35.316 INFO [main] org.apache.catalina.startup.VersionLoggerListener.log Command line argument: -Dsun.stderr.encoding=UTF-8
11-Nov-2023 13:35:35.324 INFO [main] org.apache.catalina.core.AprLifecycleListener.lifecycleEvent The Apache Tomcat Native library which allows using OpenSSL was not found on the java.library.path: [C:\Users\Admin\Desktop\jdk-21_windows-x64_bin\bin;C:\Windows\Sun\Java\bin;C:\Windows\system32;C:\Windows;C:\Windows\system32;C:\Windows;C:\Windows\System32\Wbem;C:\Windows\System32\WindowsPowerShell\v1.0\;C:\Windows\System32\OpenSSH\;C:\Users\Admin\Desktop\jdk-21_windows-x64_bin\bin;C:\Program Files\Git\cmd;C:\Program Files\MySQL\MySQL Shell 8.0\bin\;C:\Users\Admin\AppData\Local\Microsoft\WindowsApps;;.]
11-Nov-2023 13:35:35.917 INFO [main] org.apache.coyote.AbstractProtocol.init Initializing ProtocolHandler ["http-nio-8080"]
11-Nov-2023 13:35:35.934 SEVERE [main] org.apache.catalina.util.LifecycleBase.handleSubClassException Failed to initialize component [Connector["http-nio-8080"]]
	org.apache.catalina.LifecycleException: Protocol handler initialization failed
		at org.apache.catalina.connector.Connector.initInternal(Connector.java:1015)
		at org.apache.catalina.util.LifecycleBase.init(LifecycleBase.java:127)
		at org.apache.catalina.core.StandardService.initInternal(StandardService.java:554)
		at org.apache.catalina.util.LifecycleBase.init(LifecycleBase.java:127)
		at org.apache.catalina.core.StandardServer.initInternal(StandardServer.java:1010)
		at org.apache.catalina.util.LifecycleBase.init(LifecycleBase.java:127)
		at org.apache.catalina.startup.Catalina.load(Catalina.java:747)
		at org.apache.catalina.startup.Catalina.load(Catalina.java:769)
		at java.base/jdk.internal.reflect.DirectMethodHandleAccessor.invoke(DirectMethodHandleAccessor.java:103)
		at java.base/java.lang.reflect.Method.invoke(Method.java:580)
		at org.apache.catalina.startup.Bootstrap.load(Bootstrap.java:307)
		at org.apache.catalina.startup.Bootstrap.main(Bootstrap.java:477)
	Caused by: java.net.BindException: Address already in use: bind
		at java.base/sun.nio.ch.Net.bind0(Native Method)
		at java.base/sun.nio.ch.Net.bind(Net.java:565)
		at java.base/sun.nio.ch.ServerSocketChannelImpl.netBind(ServerSocketChannelImpl.java:344)
		at java.base/sun.nio.ch.ServerSocketChannelImpl.bind(ServerSocketChannelImpl.java:301)
		at org.apache.tomcat.util.net.NioEndpoint.initServerSocket(NioEndpoint.java:247)
		at org.apache.tomcat.util.net.NioEndpoint.bind(NioEndpoint.java:202)
		at org.apache.tomcat.util.net.AbstractEndpoint.bindWithCleanup(AbstractEndpoint.java:1280)
		at org.apache.tomcat.util.net.AbstractEndpoint.init(AbstractEndpoint.java:1293)
		at org.apache.coyote.AbstractProtocol.init(AbstractProtocol.java:624)
		at org.apache.coyote.http11.AbstractHttp11Protocol.init(AbstractHttp11Protocol.java:77)
		at org.apache.catalina.connector.Connector.initInternal(Connector.java:1013)
		... 11 more
11-Nov-2023 13:35:35.936 INFO [main] org.apache.catalina.startup.Catalina.load Server initialization in [991] milliseconds
11-Nov-2023 13:35:36.016 INFO [main] org.apache.catalina.core.StandardService.startInternal Starting service [Catalina]
11-Nov-2023 13:35:36.017 INFO [main] org.apache.catalina.core.StandardEngine.startInternal Starting Servlet engine: [Apache Tomcat/10.1.15]
11-Nov-2023 13:35:36.040 INFO [main] org.apache.catalina.startup.HostConfig.deployDescriptor Deploying deployment descriptor [C:\Users\Admin\Desktop\ECommerce\webapps\conf\Catalina\localhost\ECommerce.xml]
11-Nov-2023 13:35:42.732 INFO [main] org.apache.jasper.servlet.TldScanner.scanJars At least one JAR was scanned for TLDs yet contained no TLDs. Enable debug logging for this logger for a complete list of JARs that were scanned but no TLDs were found in them. Skipping unneeded JARs during scanning can improve startup time and JSP compilation time.
11-Nov-2023 13:35:43.167 INFO [main] org.apache.catalina.startup.HostConfig.deployDescriptor Deployment of deployment descriptor [C:\Users\Admin\Desktop\ECommerce\webapps\conf\Catalina\localhost\ECommerce.xml] has finished in [7,127] ms
11-Nov-2023 13:35:43.178 INFO [main] org.apache.catalina.startup.Catalina.start Server startup in [7240] milliseconds
11-Nov-2023 13:36:37.426 INFO [Thread-1] org.apache.coyote.AbstractProtocol.pause Pausing ProtocolHandler ["http-nio-8080"]
11-Nov-2023 13:36:37.427 INFO [Thread-1] org.apache.catalina.core.StandardService.stopInternal Stopping service [Catalina]
11-Nov-2023 13:36:37.483 INFO [Thread-1] org.apache.coyote.AbstractProtocol.stop Stopping ProtocolHandler ["http-nio-8080"]
11-Nov-2023 13:36:37.484 INFO [Thread-1] org.apache.coyote.AbstractProtocol.destroy Destroying ProtocolHandler ["http-nio-8080"]
